<?xml version="1.0" encoding="UTF-8"?>
<testng-results ignored="0" total="2" passed="2" failed="0" skipped="0">
  <reporter-output>
  </reporter-output>
  <suite started-at="2023-04-14T14:53:09 CEST" name="Surefire suite" finished-at="2023-04-14T14:53:25 CEST" duration-ms="15741">
    <groups>
    </groups>
    <test started-at="2023-04-14T14:53:09 CEST" name="Surefire test" finished-at="2023-04-14T14:53:25 CEST" duration-ms="15741">
      <class name="ZeldaTest">
        <test-method is-config="true" signature="testGoogle()[pri:0, instance:ZeldaTest@2bbf180e]" started-at="2023-04-14T14:53:18 CEST" name="testGoogle" finished-at="2023-04-14T14:53:20 CEST" duration-ms="1892" status="PASS">
          <reporter-output>
          </reporter-output>
        </test-method> <!-- testGoogle -->
        <test-method signature="testOne()[pri:0, instance:ZeldaTest@2bbf180e]" started-at="2023-04-14T14:53:20 CEST" name="testOne" finished-at="2023-04-14T14:53:25 CEST" duration-ms="4735" status="PASS">
          <reporter-output>
          </reporter-output>
        </test-method> <!-- testOne -->
      </class> <!-- ZeldaTest -->
      <class name="IphoneTest">
        <test-method is-config="true" signature="testGoogle()[pri:0, instance:IphoneTest@184cf7cf]" started-at="2023-04-14T14:53:09 CEST" name="testGoogle" finished-at="2023-04-14T14:53:12 CEST" duration-ms="2477" status="PASS">
          <reporter-output>
          </reporter-output>
        </test-method> <!-- testGoogle -->
        <test-method signature="testOne()[pri:0, instance:IphoneTest@184cf7cf]" started-at="2023-04-14T14:53:12 CEST" name="testOne" finished-at="2023-04-14T14:53:18 CEST" duration-ms="6601" status="PASS">
          <reporter-output>
          </reporter-output>
        </test-method> <!-- testOne -->
      </class> <!-- IphoneTest -->
    </test> <!-- Surefire test -->
  </suite> <!-- Surefire suite -->
</testng-results>
